2017-12-05 00:55:45 v-change-sys-hostname  'vestacp.ddweb.com.cn'
2017-12-05 00:55:46 v-generate-ssl-cert  'vestacp.ddweb.com.cn' 'ddweb@ddweb.com.cn' 'US' 'California' 'San Francisco' 'Vesta Control Panel' 'IT'
2017-12-05 00:56:04 v-update-user-quota  'admin'
2017-12-05 00:56:04 v-add-user  'admin' '******' 'ddweb@ddweb.com.cn' 'default' 'System' 'Administrator'
2017-12-05 00:56:04 v-change-user-shell  'admin' 'bash'
2017-12-05 00:56:04 v-change-user-language  'admin' 'en'
2017-12-05 00:56:04 v-add-sys-ip  '172.18.229.123' '255.255.240.0' 'eth0'
2017-12-05 00:56:06 v-change-sys-ip-nat  '172.18.229.123' '120.79.13.121'
2017-12-05 00:56:06 v-add-database-host  'mysql' 'localhost' 'root' '******'
2017-12-05 00:56:06 v-add-database  'admin' 'default' 'default' '******' 'mysql'
2017-12-05 00:56:06 v-add-web-domain  'admin' 'vestacp.ddweb.com.cn' '120.79.13.121' 'no'
2017-12-05 00:56:06 v-add-dns-domain  'admin' 'vestacp.ddweb.com.cn' '120.79.13.121' '' '' '' '' '' '' 'admin0' 'admin1' 'admin2'
2017-12-05 00:56:06 v-add-dns-record  'admin' 'vestacp.ddweb.com.cn' '_domainkey' 'TXT' '"t=y; o=~;"'
2017-12-05 00:56:06 v-add-dns-record  'admin' 'vestacp.ddweb.com.cn' 'mail._domainkey' 'TXT' '"k=rsa\; p=MIGfMA0GCSqGSIb3DQEBAQUAA4GNADCBiQKBgQC7XuylMd6ZKzSTeHgtMBZiQg5/hskBrpYHYjrCddxB4XGbDGn2DsPG2t6IA7eeovq+Siv5/PlhVwYg8O7RZ9yqMf/sUrLk7tjOnAD+8KckZxhf2mA0DDnsMfZaTxUPG/5hoQa3d4QBTnUyfTdhAmuxFNRfNfG5LS3nYbhPIbdviwIDAQAB"'
2017-12-05 00:56:06 v-add-mail-domain  'admin' 'vestacp.ddweb.com.cn'
2017-12-05 00:56:08 v-add-cron-job  'admin' '15' '02' 'composer.json config.inc.php drivers helpers localization password.js password.min.js password.php README' 'composer.json config.inc.php drivers helpers localization password.js password.min.js password.php README' 'composer.json config.inc.php drivers helpers localization password.js password.min.js password.php README' 'sudo /usr/local/vesta/bin/v-update-sys-queue disk'
2017-12-05 00:56:08 v-add-cron-job  'admin' '10' '00' 'composer.json config.inc.php drivers helpers localization password.js password.min.js password.php README' 'composer.json config.inc.php drivers helpers localization password.js password.min.js password.php README' 'composer.json config.inc.php drivers helpers localization password.js password.min.js password.php README' 'sudo /usr/local/vesta/bin/v-update-sys-queue traffic'
2017-12-05 00:56:08 v-add-cron-job  'admin' '30' '03' 'composer.json config.inc.php drivers helpers localization password.js password.min.js password.php README' 'composer.json config.inc.php drivers helpers localization password.js password.min.js password.php README' 'composer.json config.inc.php drivers helpers localization password.js password.min.js password.php README' 'sudo /usr/local/vesta/bin/v-update-sys-queue webstats'
2017-12-05 00:56:08 v-add-cron-job  'admin' '*/5' 'composer.json config.inc.php drivers helpers localization password.js password.min.js password.php README' 'composer.json config.inc.php drivers helpers localization password.js password.min.js password.php README' 'composer.json config.inc.php drivers helpers localization password.js password.min.js password.php README' 'composer.json config.inc.php drivers helpers localization password.js password.min.js password.php README' 'sudo /usr/local/vesta/bin/v-update-sys-queue backup'
2017-12-05 00:56:08 v-add-cron-job  'admin' '10' '05' 'composer.json config.inc.php drivers helpers localization password.js password.min.js password.php README' 'composer.json config.inc.php drivers helpers localization password.js password.min.js password.php README' 'composer.json config.inc.php drivers helpers localization password.js password.min.js password.php README' 'sudo /usr/local/vesta/bin/v-backup-users'
2017-12-05 00:56:08 v-add-cron-job  'admin' '20' '00' 'composer.json config.inc.php drivers helpers localization password.js password.min.js password.php README' 'composer.json config.inc.php drivers helpers localization password.js password.min.js password.php README' 'composer.json config.inc.php drivers helpers localization password.js password.min.js password.php README' 'sudo /usr/local/vesta/bin/v-update-user-stats'
2017-12-05 00:56:08 v-add-cron-job  'admin' '*/5' 'composer.json config.inc.php drivers helpers localization password.js password.min.js password.php README' 'composer.json config.inc.php drivers helpers localization password.js password.min.js password.php README' 'composer.json config.inc.php drivers helpers localization password.js password.min.js password.php README' 'composer.json config.inc.php drivers helpers localization password.js password.min.js password.php README' 'sudo /usr/local/vesta/bin/v-update-sys-rrd'
2017-12-05 00:56:10 v-add-cron-vesta-autoupdate 
2017-12-05 00:57:06 v-delete-cron-job  'admin' '8'
2017-12-05 00:57:06 v-delete-user-package  'gainsboro'
2017-12-05 00:57:06 v-delete-user-package  'palegreen'
2017-12-05 00:57:06 v-delete-user-package  'slategrey'
2017-12-05 00:57:06 v-add-user-package  '/usr/local/src' '1GB'
2017-12-05 00:57:06 v-add-user-package  '/usr/local/src' '2GB'
2017-12-05 00:57:06 v-add-user-package  '/usr/local/src' '3GB'
2017-12-05 00:57:06 v-add-user-package  '/usr/local/src' '5GB'
2017-12-05 00:57:06 v-add-user-package  '/usr/local/src' '10GB'
2017-12-05 00:57:06 v-add-user-package  '/usr/local/src' '50GB'
2017-12-05 01:07:17 v-change-sys-language  'cn'
2017-12-05 01:07:28 v-change-sys-language  'cn'
2017-12-05 01:07:46 v-change-user-language  'admin' 'cn'
2017-12-05 01:07:59 v-change-sys-language  'cn'
2017-12-05 01:08:03 v-change-sys-language  'cn'
2017-12-05 01:08:08 v-change-sys-language  'cn'
2017-12-05 01:08:11 v-change-sys-language  'cn'
2017-12-05 01:09:37 v-change-sys-language  'cn'
2017-12-05 01:09:43 v-change-sys-language  'cn'
2017-12-05 01:09:49 v-change-sys-hostname  'vestacp'
2017-12-05 01:09:56 v-change-sys-language  'cn'
2017-12-05 01:09:59 v-change-sys-language  'cn'
2017-12-05 01:10:04 v-change-sys-hostname  'vestacp.ddweb.com.cn'
2017-12-05 01:15:20 v-change-sys-language  'cn'
2017-12-05 01:16:06 v-change-sys-hostname  'vestacp.ddweb.com.cn'
2017-12-05 01:16:06 v-change-sys-language  'cn'
2017-12-05 01:16:08 v-change-sys-language  'cn'
