ID='1' DATE='2017-12-05' TIME='00:56:04' CMD='added system user admin' UNDO=''
ID='2' DATE='2017-12-05' TIME='00:56:04' CMD='changed admin shell to bash' UNDO=''
ID='3' DATE='2017-12-05' TIME='00:56:04' CMD='changed language to en' UNDO='no'
ID='4' DATE='2017-12-05' TIME='00:56:04' CMD='added system ip address 172.18.229.123' UNDO=''
ID='5' DATE='2017-12-05' TIME='00:56:06' CMD='changed associated nat address on 172.18.229.123 to 120.79.13.121' UNDO=''
ID='6' DATE='2017-12-05' TIME='00:56:06' CMD='added mysql database admin_default' UNDO='no'
ID='7' DATE='2017-12-05' TIME='00:56:06' CMD='added web domain vestacp.ddweb.com.cn' UNDO='no'
ID='8' DATE='2017-12-05' TIME='00:56:06' CMD='added dns domain vestacp.ddweb.com.cn' UNDO='no'
ID='9' DATE='2017-12-05' TIME='00:56:06' CMD='added TXT dns record _domainkey for vestacp.ddweb.com.cn' UNDO='no'
ID='10' DATE='2017-12-05' TIME='00:56:06' CMD='added TXT dns record mail._domainkey for vestacp.ddweb.com.cn' UNDO='no'
ID='11' DATE='2017-12-05' TIME='00:56:06' CMD='added mail domain vestacp.ddweb.com.cn' UNDO='no'
ID='12' DATE='2017-12-05' TIME='00:56:08' CMD='added cron job 1' UNDO='no'
ID='13' DATE='2017-12-05' TIME='00:56:08' CMD='added cron job 2' UNDO='no'
ID='14' DATE='2017-12-05' TIME='00:56:08' CMD='added cron job 3' UNDO='no'
ID='15' DATE='2017-12-05' TIME='00:56:08' CMD='added cron job 4' UNDO='no'
ID='16' DATE='2017-12-05' TIME='00:56:08' CMD='added cron job 5' UNDO='no'
ID='17' DATE='2017-12-05' TIME='00:56:08' CMD='added cron job 6' UNDO='no'
ID='18' DATE='2017-12-05' TIME='00:56:08' CMD='added cron job 7' UNDO='no'
ID='19' DATE='2017-12-05' TIME='00:56:10' CMD='added cron job 8' UNDO='no'
ID='20' DATE='2017-12-05' TIME='00:57:06' CMD='deleted cron job 8' UNDO='no'
ID='21' DATE='2017-12-05' TIME='00:57:06' CMD='deleted user package gainsboro' UNDO=''
ID='22' DATE='2017-12-05' TIME='00:57:06' CMD='deleted user package palegreen' UNDO=''
ID='23' DATE='2017-12-05' TIME='00:57:06' CMD='deleted user package slategrey' UNDO=''
ID='24' DATE='2017-12-05' TIME='00:57:06' CMD='added user package 1GB' UNDO=''
ID='25' DATE='2017-12-05' TIME='00:57:06' CMD='added user package 2GB' UNDO=''
ID='26' DATE='2017-12-05' TIME='00:57:06' CMD='added user package 3GB' UNDO=''
ID='27' DATE='2017-12-05' TIME='00:57:06' CMD='added user package 5GB' UNDO=''
ID='28' DATE='2017-12-05' TIME='00:57:06' CMD='added user package 10GB' UNDO=''
ID='29' DATE='2017-12-05' TIME='00:57:06' CMD='added user package 50GB' UNDO=''
ID='30' DATE='2017-12-05' TIME='01:07:46' CMD='changed language to cn' UNDO='no'
